<?xml version="1.0" encoding="UTF-8"?>
<robot generator="Robot 7.2.2 (Python 3.9.13 on win32)" generated="2025-03-29T10:59:07.141311" rpa="false" schemaversion="5">
<suite id="s1" name="Browser Demo" source="C:\Users\sarah\testaus(B_F)\FE3\hyte-projekti\tests\browser_demo.robot">
<test id="s1-t1" name="Test Web Form" line="6">
<kw name="New Browser" owner="Browser">
<msg time="2025-03-29T10:59:07.495505" level="INFO">{"browser": "chromium", "headless": false, "chromiumSandbox": false, "devtools": false, "handleSIGHUP": true, "handleSIGINT": true, "handleSIGTERM": true, "slowMo": 0.0, "timeout": 30000.0, "tracesDir": "C:\\Users\\sarah\\testaus(B_F)\\FE3\\hyte-projekti\\tests\\browser\\traces\\temp\\0fd8eb90-0600-462d-8195-495b65fbdde9"}</msg>
<msg time="2025-03-29T10:59:07.544422" level="INFO">Starting Browser process C:\Users\sarah\AppData\Local\Programs\Python\Python39\lib\site-packages\Browser\wrapper\index.js using port 57130</msg>
<msg time="2025-03-29T10:59:07.544422" level="INFO">Node startup parameters: ['node', 'C:\\Users\\sarah\\AppData\\Local\\Programs\\Python\\Python39\\lib\\site-packages\\Browser\\wrapper\\index.js', '57130']</msg>
<msg time="2025-03-29T10:59:10.267001" level="INFO">Successfully created browser with options: {"browser":"chromium","headless":false,"chromiumSandbox":false,"devtools":false,"handleSIGHUP":true,"handleSIGINT":true,"handleSIGTERM":true,"slowMo":0,"timeout":30000,"tracesDir":"C:\\Users\\sarah\\testaus(B_F)\\FE3\\hyte-projekti\\tests\\browser\\traces\\temp\\0fd8eb90-0600-462d-8195-495b65fbdde9"}</msg>
<arg>chromium</arg>
<arg>headless=No</arg>
<tag>BrowserControl</tag>
<tag>Setter</tag>
<doc>Create a new playwright Browser with specified options.</doc>
<status status="PASS" start="2025-03-29T10:59:07.495505" elapsed="2.771496"/>
</kw>
<kw name="New Page" owner="Browser">
<msg time="2025-03-29T10:59:11.090199" level="INFO">Successfully initialized new page object and opened url: https://www.selenium.dev/selenium/web/web-form.html</msg>
<msg time="2025-03-29T10:59:11.090199" level="INFO">No context was open. New context was automatically opened when this page is created.</msg>
<arg>https://www.selenium.dev/selenium/web/web-form.html</arg>
<tag>BrowserControl</tag>
<tag>Setter</tag>
<doc>Open a new Page.</doc>
<status status="PASS" start="2025-03-29T10:59:10.267001" elapsed="0.823198"/>
</kw>
<kw name="Get Title" owner="Browser">
<msg time="2025-03-29T10:59:11.109276" level="INFO">Title: 'Web form'</msg>
<arg>==</arg>
<arg>Web form</arg>
<tag>Assertion</tag>
<tag>Getter</tag>
<tag>PageContent</tag>
<doc>Returns the title of the current page.</doc>
<status status="PASS" start="2025-03-29T10:59:11.090199" elapsed="0.019077"/>
</kw>
<kw name="Type Text" owner="Browser">
<msg time="2025-03-29T10:59:11.109276" level="INFO">Types the text 'somebody@example.com' in the given field.</msg>
<arg>[name="my-text"]</arg>
<arg>${Username}</arg>
<arg>delay=0.1 s</arg>
<tag>PageContent</tag>
<tag>Setter</tag>
<doc>Types the given ``txt`` into the text field found by ``selector``.</doc>
<status status="PASS" start="2025-03-29T10:59:11.109276" elapsed="2.368014"/>
</kw>
<kw name="Type Secret" owner="Browser">
<arg>[name="my-password"]</arg>
<arg>$Password</arg>
<arg>delay=0.1 s</arg>
<tag>PageContent</tag>
<tag>Setter</tag>
<doc>Types the given secret from ``variable_name`` into the text field
found by ``selector``.</doc>
<status status="PASS" start="2025-03-29T10:59:13.477290" elapsed="1.377759"/>
</kw>
<kw name="Type Text" owner="Browser">
<msg time="2025-03-29T10:59:14.857812" level="INFO">Types the text 'Hello, Robot Framework!
How are you today?' in the given field.</msg>
<arg>[name="my-textarea"]</arg>
<arg>${Message}</arg>
<arg>delay=0.1 s</arg>
<tag>PageContent</tag>
<tag>Setter</tag>
<doc>Types the given ``txt`` into the text field found by ``selector``.</doc>
<status status="PASS" start="2025-03-29T10:59:14.855049" elapsed="4.925702"/>
</kw>
<kw name="Click With Options" owner="Browser">
<msg time="2025-03-29T10:59:19.780751" level="INFO">Clicks the element 'button'.</msg>
<arg>button</arg>
<arg>delay=2 s</arg>
<tag>PageContent</tag>
<tag>Setter</tag>
<doc>Simulates mouse click on the element found by ``selector``.</doc>
<status status="PASS" start="2025-03-29T10:59:19.780751" elapsed="2.319115"/>
</kw>
<kw name="Get Text" owner="Browser">
<msg time="2025-03-29T10:59:22.203816" level="INFO">Text: 'Received!'</msg>
<arg>id=message</arg>
<arg>==</arg>
<arg>Received!</arg>
<tag>Assertion</tag>
<tag>Getter</tag>
<tag>PageContent</tag>
<doc>Returns text attribute of the element found by ``selector``.</doc>
<status status="PASS" start="2025-03-29T10:59:22.108236" elapsed="0.095580"/>
</kw>
<msg time="2025-03-29T10:59:22.217706" level="INFO">Set timeout to: 10000</msg>
<status status="PASS" start="2025-03-29T10:59:07.495505" elapsed="14.712994"/>
</test>
<status status="PASS" start="2025-03-29T10:59:07.153535" elapsed="15.070586"/>
</suite>
<statistics>
<total>
<stat pass="1" fail="0" skip="0">All Tests</stat>
</total>
<tag>
</tag>
<suite>
<stat name="Browser Demo" id="s1" pass="1" fail="0" skip="0">Browser Demo</stat>
</suite>
</statistics>
<errors>
</errors>
</robot>
