<?xml version="1.0" encoding="UTF-8"?>
<robot generator="Robot 7.2.2 (Python 3.9.13 on win32)" generated="2025-03-29T17:25:16.212633" rpa="false" schemaversion="5">
<suite id="s1" name="Web Form Test" source="C:\Users\sarah\testaus(B_F)\FE3\hyte-projekti\tests\web_form_test.robot">
<test id="s1-t1" name="Testaa Web Form -kenttiä turvallisesti" line="6">
<kw name="New Browser" owner="Browser">
<msg time="2025-03-29T17:25:17.042363" level="INFO">{"browser": "chromium", "headless": false, "chromiumSandbox": false, "devtools": false, "handleSIGHUP": true, "handleSIGINT": true, "handleSIGTERM": true, "slowMo": 0.0, "timeout": 30000.0, "tracesDir": "C:\\Users\\sarah\\testaus(B_F)\\FE3\\hyte-projekti\\tests\\browser\\traces\\temp\\d8568ca9-a999-4bd8-b39d-735f6681d005"}</msg>
<msg time="2025-03-29T17:25:17.137424" level="INFO">Starting Browser process C:\Users\sarah\AppData\Local\Programs\Python\Python39\lib\site-packages\Browser\wrapper\index.js using port 61070</msg>
<msg time="2025-03-29T17:25:17.137424" level="INFO">Node startup parameters: ['node', 'C:\\Users\\sarah\\AppData\\Local\\Programs\\Python\\Python39\\lib\\site-packages\\Browser\\wrapper\\index.js', '61070']</msg>
<msg time="2025-03-29T17:25:20.492480" level="INFO">Successfully created browser with options: {"browser":"chromium","headless":false,"chromiumSandbox":false,"devtools":false,"handleSIGHUP":true,"handleSIGINT":true,"handleSIGTERM":true,"slowMo":0,"timeout":30000,"tracesDir":"C:\\Users\\sarah\\testaus(B_F)\\FE3\\hyte-projekti\\tests\\browser\\traces\\temp\\d8568ca9-a999-4bd8-b39d-735f6681d005"}</msg>
<arg>chromium</arg>
<arg>headless=No</arg>
<tag>BrowserControl</tag>
<tag>Setter</tag>
<doc>Create a new playwright Browser with specified options.</doc>
<status status="PASS" start="2025-03-29T17:25:17.033856" elapsed="3.458624"/>
</kw>
<kw name="New Page" owner="Browser">
<msg time="2025-03-29T17:25:21.438963" level="INFO">Successfully initialized new page object and opened url: https://www.selenium.dev/selenium/web/web-form.html</msg>
<msg time="2025-03-29T17:25:21.438963" level="INFO">No context was open. New context was automatically opened when this page is created.</msg>
<arg>${BASE_URL}</arg>
<tag>BrowserControl</tag>
<tag>Setter</tag>
<doc>Open a new Page.</doc>
<status status="PASS" start="2025-03-29T17:25:20.492480" elapsed="0.946987"/>
</kw>
<kw name="Get Title" owner="Browser">
<msg time="2025-03-29T17:25:21.458151" level="INFO">Title: 'Web form'</msg>
<arg>==</arg>
<arg>Web form</arg>
<tag>Assertion</tag>
<tag>Getter</tag>
<tag>PageContent</tag>
<doc>Returns the title of the current page.</doc>
<status status="PASS" start="2025-03-29T17:25:21.439467" elapsed="0.018684"/>
</kw>
<kw name="Type Text" owner="Browser">
<msg time="2025-03-29T17:25:21.458151" level="INFO">Types the text 'sarah' in the given field.</msg>
<msg time="2025-03-29T17:25:21.795375" level="INFO" html="true">&lt;/td&gt;&lt;/tr&gt;&lt;tr&gt;&lt;td colspan="3"&gt;&lt;a href="browser/screenshot/fail-screenshot-1.png" target="_blank"&gt;&lt;img src="browser/screenshot/fail-screenshot-1.png" width="800px"/&gt;&lt;/a&gt;</msg>
<msg time="2025-03-29T17:25:21.795375" level="INFO">See also file:///C:/Users/sarah/testaus%28B_F%29/FE3/hyte-projekti/tests/playwright-log-1743261916916359100.txt for additional details.</msg>
<msg time="2025-03-29T17:25:21.795375" level="FAIL">Error: locator.fill: Unknown engine "name" while parsing selector name=my-text
Call log:
  - waiting for locator('name=my-text')
</msg>
<arg>name=my-text</arg>
<arg>${USERNAME}</arg>
<arg>delay=0.1 s</arg>
<tag>PageContent</tag>
<tag>Setter</tag>
<doc>Types the given ``txt`` into the text field found by ``selector``.</doc>
<status status="FAIL" start="2025-03-29T17:25:21.458151" elapsed="0.529409">Error: locator.fill: Unknown engine "name" while parsing selector name=my-text
Call log:
  - waiting for locator('name=my-text')
</status>
</kw>
<kw name="Type Secret" owner="Browser">
<arg>name=my-password</arg>
<arg>$PASSWORD</arg>
<arg>delay=0.1 s</arg>
<tag>PageContent</tag>
<tag>Setter</tag>
<doc>Types the given secret from ``variable_name`` into the text field
found by ``selector``.</doc>
<status status="NOT RUN" start="2025-03-29T17:25:21.987560" elapsed="0.000000"/>
</kw>
<kw name="Type Text" owner="Browser">
<arg>name=my-textarea</arg>
<arg>Tämä on testiviesti.</arg>
<arg>delay=0.1 s</arg>
<tag>PageContent</tag>
<tag>Setter</tag>
<doc>Types the given ``txt`` into the text field found by ``selector``.</doc>
<status status="NOT RUN" start="2025-03-29T17:25:21.987560" elapsed="0.000000"/>
</kw>
<kw name="Select Options By" owner="Browser">
<arg>name=my-select</arg>
<arg>value</arg>
<arg>2</arg>
<tag>PageContent</tag>
<tag>Setter</tag>
<doc>Selects options from select element found by ``selector``.</doc>
<status status="NOT RUN" start="2025-03-29T17:25:21.987560" elapsed="0.000000"/>
</kw>
<kw name="Type Text" owner="Browser">
<arg>name=my-datalist</arg>
<arg>San Francisco</arg>
<arg>delay=0.1 s</arg>
<tag>PageContent</tag>
<tag>Setter</tag>
<doc>Types the given ``txt`` into the text field found by ``selector``.</doc>
<status status="NOT RUN" start="2025-03-29T17:25:21.987560" elapsed="0.000000"/>
</kw>
<kw name="Check Checkbox" owner="Browser">
<arg>name=my-check</arg>
<tag>PageContent</tag>
<tag>Setter</tag>
<doc>Checks the checkbox or selects radio button found by ``selector``.</doc>
<status status="NOT RUN" start="2025-03-29T17:25:21.987560" elapsed="0.000000"/>
</kw>
<kw name="Click" owner="Browser">
<arg>xpath=//input[@type='radio' and @value='rd2']</arg>
<tag>PageContent</tag>
<tag>Setter</tag>
<doc>Simulates mouse click on the element found by ``selector``.</doc>
<status status="NOT RUN" start="2025-03-29T17:25:21.987560" elapsed="0.000000"/>
</kw>
<kw name="Set Input Files">
<arg>name=my-file</arg>
<arg>./tests/sample.txt</arg>
<status status="NOT RUN" start="2025-03-29T17:25:21.987560" elapsed="0.000000"/>
</kw>
<kw name="Click With Options" owner="Browser">
<arg>button</arg>
<arg>delay=2 s</arg>
<tag>PageContent</tag>
<tag>Setter</tag>
<doc>Simulates mouse click on the element found by ``selector``.</doc>
<status status="NOT RUN" start="2025-03-29T17:25:21.987560" elapsed="0.000000"/>
</kw>
<kw name="Get Text" owner="Browser">
<arg>id=message</arg>
<arg>==</arg>
<arg>Received!</arg>
<tag>Assertion</tag>
<tag>Getter</tag>
<tag>PageContent</tag>
<doc>Returns text attribute of the element found by ``selector``.</doc>
<status status="NOT RUN" start="2025-03-29T17:25:21.987560" elapsed="0.000000"/>
</kw>
<msg time="2025-03-29T17:25:22.003392" level="INFO">Set timeout to: 10000</msg>
<status status="FAIL" start="2025-03-29T17:25:17.033856" elapsed="4.953704">Error: locator.fill: Unknown engine "name" while parsing selector name=my-text
Call log:
  - waiting for locator('name=my-text')
</status>
</test>
<status status="FAIL" start="2025-03-29T17:25:16.212633" elapsed="5.796181"/>
</suite>
<statistics>
<total>
<stat pass="0" fail="1" skip="0">All Tests</stat>
</total>
<tag>
</tag>
<suite>
<stat name="Web Form Test" id="s1" pass="0" fail="1" skip="0">Web Form Test</stat>
</suite>
</statistics>
<errors>
</errors>
</robot>
